time="2022-05-27 14:41:08" level=info msg="| 200 |       655.8µs |             ::1 | GET | /swagger/index.html |"
time="2022-05-27 14:41:08" level=info msg="| 200 |       670.6µs |             ::1 | GET | /swagger/swagger-ui.css |"
time="2022-05-27 14:41:08" level=info msg="| 200 |       537.1µs |             ::1 | GET | /swagger/swagger-ui-standalone-preset.js |"
time="2022-05-27 14:41:08" level=info msg="| 200 |      6.4566ms |             ::1 | GET | /swagger/swagger-ui-bundle.js |"
time="2022-05-27 14:41:08" level=info msg="| 200 |       457.2µs |             ::1 | GET | /swagger/doc.json |"
time="2022-05-27 14:41:08" level=info msg="| 200 |        79.7µs |             ::1 | GET | /swagger/favicon-32x32.png |"
time="2022-05-27 15:28:43" level=info msg="| 200 |       702.2µs |             ::1 | GET | /swagger/index.html |"
time="2022-05-27 15:28:43" level=info msg="| 200 |       257.4µs |             ::1 | GET | /swagger/swagger-ui.css |"
time="2022-05-27 15:28:43" level=info msg="| 200 |       536.9µs |             ::1 | GET | /swagger/swagger-ui-standalone-preset.js |"
time="2022-05-27 15:28:44" level=info msg="| 200 |      5.0491ms |             ::1 | GET | /swagger/swagger-ui-bundle.js |"
time="2022-05-27 15:28:44" level=info msg="| 200 |       308.6µs |             ::1 | GET | /swagger/doc.json |"
time="2022-05-27 15:31:06" level=info msg="| 200 |       469.5µs |             ::1 | GET | /swagger/index.html |"
time="2022-05-27 15:31:06" level=info msg="| 200 |       561.6µs |             ::1 | GET | /swagger/swagger-ui.css |"
time="2022-05-27 15:31:06" level=info msg="| 200 |       509.2µs |             ::1 | GET | /swagger/swagger-ui-standalone-preset.js |"
time="2022-05-27 15:31:06" level=info msg="| 200 |      6.2059ms |             ::1 | GET | /swagger/swagger-ui-bundle.js |"
time="2022-05-27 15:31:06" level=info msg="| 200 |       945.5µs |             ::1 | GET | /swagger/doc.json |"
time="2022-05-27 15:31:06" level=info msg="| 200 |            0s |             ::1 | GET | /swagger/favicon-32x32.png |"
time="2022-05-27 15:42:56" level=info msg="| 200 |       521.9µs |             ::1 | GET | /swagger/index.html |"
time="2022-05-27 15:42:56" level=info msg="| 200 |           1ms |             ::1 | GET | /swagger/swagger-ui.css |"
time="2022-05-27 15:42:56" level=info msg="| 200 |         534µs |             ::1 | GET | /swagger/swagger-ui-standalone-preset.js |"
time="2022-05-27 15:42:56" level=info msg="| 200 |      6.3147ms |             ::1 | GET | /swagger/swagger-ui-bundle.js |"
time="2022-05-27 15:42:56" level=info msg="| 200 |       129.2µs |             ::1 | GET | /swagger/doc.json |"
time="2022-05-27 15:42:56" level=info msg="| 200 |       408.5µs |             ::1 | GET | /swagger/favicon-32x32.png |"
time="2022-05-27 15:46:42" level=info msg="| 200 |       521.6µs |             ::1 | GET | /swagger/index.html |"
time="2022-05-27 15:46:42" level=info msg="| 200 |       506.5µs |             ::1 | GET | /swagger/swagger-ui.css |"
time="2022-05-27 15:46:42" level=info msg="| 200 |       529.3µs |             ::1 | GET | /swagger/swagger-ui-standalone-preset.js |"
time="2022-05-27 15:46:42" level=info msg="| 200 |      1.5612ms |             ::1 | GET | /swagger/swagger-ui-bundle.js |"
time="2022-05-27 15:46:43" level=info msg="| 200 |      1.0014ms |             ::1 | GET | /swagger/doc.json |"
time="2022-05-27 15:46:43" level=info msg="| 200 |       172.4µs |             ::1 | GET | /swagger/favicon-32x32.png |"
time="2022-05-27 15:59:52" level=info msg="| 200 |       706.8µs |             ::1 | GET | /swagger/index.html |"
time="2022-05-27 15:59:52" level=info msg="| 200 |         505µs |             ::1 | GET | /swagger/swagger-ui.css |"
time="2022-05-27 15:59:52" level=info msg="| 200 |         505µs |             ::1 | GET | /swagger/swagger-ui-standalone-preset.js |"
time="2022-05-27 15:59:52" level=info msg="| 200 |      6.5555ms |             ::1 | GET | /swagger/swagger-ui-bundle.js |"
time="2022-05-27 15:59:52" level=info msg="| 200 |       616.7µs |             ::1 | GET | /swagger/doc.json |"
time="2022-05-27 15:59:52" level=info msg="| 200 |        61.6µs |             ::1 | GET | /swagger/favicon-32x32.png |"
time="2022-05-27 16:00:27" level=info msg="| 200 |       296.6µs |             ::1 | GET | /swagger/doc.json |"
time="2022-05-27 16:00:27" level=info msg="| 404 |            0s |             ::1 | GET | /favicon.ico |"
time="2022-05-27 16:01:56" level=info msg="| 422 |            0s |             ::1 | POST | /user/login |"
time="2022-05-27 16:02:26" level=info msg="| 422 |            0s |             ::1 | POST | /user/login |"
time="2022-05-27 16:02:57" level=info msg="| 422 |            0s |             ::1 | POST | /user/login |"
time="2022-05-27 16:03:50" level=info msg="| 422 |            0s |             ::1 | POST | /user/login |"
time="2022-05-27 16:04:44" level=info msg="| 200 |     53.4177ms |             ::1 | POST | /user/login |"
time="2022-05-27 16:05:28" level=info msg="| 500 |      1.9153ms |             ::1 | GET | /company/get/treelist?UserID=2 |"
time="2022-05-27 16:05:55" level=info msg="| 500 |      2.1078ms |             ::1 | GET | /company/get/treelist?UserId=2 |"
time="2022-05-27 16:11:31" level=info msg="| 500 |      1.7684ms |             ::1 | GET | /company/get/treelist?UserId=2 |"
time="2022-05-27 16:13:39" level=info msg="| 500 |      1.5545ms |             ::1 | GET | /company/get/treelist?UserId=2 |"
time="2022-05-27 16:13:44" level=info msg="| 500 |      1.3899ms |             ::1 | GET | /company/get/treelist?UserId=2 |"
time="2022-05-27 16:15:13" level=info msg="| 401 |       630.6µs |             ::1 | GET | /company/get/treelist?UserId=2 |"
time="2022-05-27 16:15:20" level=info msg="| 500 |       941.6µs |             ::1 | GET | /company/get/treelist?UserId=2 |"
time="2022-05-27 16:16:21" level=info msg="| 500 |      2.1377ms |             ::1 | GET | /company/get/treelist?UserId=2 |"
time="2022-05-27 16:17:20" level=info msg="| 500 |      1.2621ms |             ::1 | GET | /company/get/treelist?UserId=2 |"
time="2022-05-27 16:18:55" level=info msg="| 200 |     11.6784ms |             ::1 | GET | /company/get/treelist?UserId=2 |"
time="2022-05-27 16:19:15" level=info msg="| 200 |      6.0016ms |             ::1 | GET | /company/get/treelist?UserId=8 |"
time="2022-05-27 16:25:08" level=info msg="| 200 |     10.1671ms |             ::1 | GET | /company/get/treelist?UserId=2 |"
time="2022-05-27 16:25:12" level=info msg="| 200 |      9.7438ms |             ::1 | GET | /company/get/treelist?UserId=8 |"
time="2022-05-27 16:25:48" level=info msg="| 401 |       1.324ms |             ::1 | GET | /company/get/treelist?UserId=8 |"
time="2022-05-27 16:25:51" level=info msg="| 200 |      7.3495ms |             ::1 | GET | /company/get/treelist?UserId=2 |"
time="2022-05-27 20:13:51" level=info msg="| 200 |     60.6413ms |             ::1 | POST | /user/register |"
time="2022-05-27 20:14:48" level=info msg="| 200 |      54.299ms |             ::1 | POST | /user/login |"
time="2022-05-27 20:19:27" level=info msg="| 200 |     52.6304ms |             ::1 | POST | /user/login |"
time="2022-05-27 20:19:45" level=info msg="| 200 |     52.3237ms |             ::1 | POST | /user/login |"
time="2022-05-27 20:22:10" level=info msg="| 200 |      2.6084ms |             ::1 | GET | /user/info?Id=1 |"
time="2022-05-27 20:26:13" level=info msg="| 200 |     10.1836ms |             ::1 | POST | /company/create |"
time="2022-05-27 20:26:33" level=info msg="| 200 |     15.5988ms |             ::1 | POST | /company/create |"
time="2022-05-27 20:26:41" level=info msg="| 200 |     14.6984ms |             ::1 | POST | /company/create |"
time="2022-05-27 20:26:47" level=info msg="| 200 |      8.5088ms |             ::1 | POST | /company/create |"
time="2022-05-27 20:26:50" level=info msg="| 200 |      9.6999ms |             ::1 | POST | /company/create |"
time="2022-05-27 20:26:52" level=info msg="| 200 |     15.3299ms |             ::1 | POST | /company/create |"
time="2022-05-27 20:26:59" level=info msg="| 200 |       14.14ms |             ::1 | POST | /company/create |"
time="2022-05-27 20:27:02" level=info msg="| 200 |     15.1846ms |             ::1 | POST | /company/create |"
time="2022-05-27 20:30:10" level=info msg="| 401 |      1.5235ms |             ::1 | DELETE | /company/delete/immediately?CompanyId=8 |"
time="2022-05-27 20:31:44" level=info msg="| 200 |     11.6833ms |             ::1 | DELETE | /company/delete/immediately?CompanyId=8 |"
time="2022-05-27 20:32:24" level=info msg="| 200 |      2.2912ms |             ::1 | DELETE | /company/delete/immediately?CompanyId=1 |"
time="2022-05-27 20:33:42" level=info msg="| 200 |      3.5001ms |             ::1 | DELETE | /company/delete/immediately?CompanyId=1 |"
time="2022-05-27 20:34:07" level=info msg="| 400 |      4.4906ms |             ::1 | DELETE | /company/delete/immediately?CompanyId=1 |"
time="2022-05-27 20:34:50" level=info msg="| 500 |      1.1719ms |             ::1 | GET | /company/get/treelist?UserID=1 |"
time="2022-05-27 20:35:53" level=info msg="| 200 |      13.596ms |             ::1 | GET | /company/get/treelist?UserId=1 |"
time="2022-05-27 20:43:07" level=info msg="| 200 |       5.228ms |             ::1 | GET | /company/get/treelist?UserId=1 |"
time="2022-05-27 20:52:56" level=info msg="| 401 |       2.621ms |             ::1 | POST | /company/create_company_user |"
time="2022-05-27 21:32:20" level=info msg="| 200 |     10.5243ms |             ::1 | POST | /company/create_company_user |"
time="2022-05-27 21:34:22" level=info msg="| 400 |       4.909ms |             ::1 | POST | /company/create_company_user |"
time="2022-05-27 21:37:08" level=info msg="| 404 |            0s |             ::1 | POST | /company_user/create |"
time="2022-05-27 21:37:38" level=info msg="| 400 |       5.796ms |             ::1 | POST | /company/company_user/create |"
time="2022-05-27 22:19:10" level=info msg="| 404 |            0s |             ::1 | GET | /biology/get_list |"
time="2022-05-27 22:51:20" level=info msg="| 200 |     66.0281ms |             ::1 | POST | /user/register |"
time="2022-05-27 22:51:51" level=info msg="| 200 |      3.7211ms |             ::1 | GET | /user/info?Id=1 |"
time="2022-05-27 22:52:17" level=info msg="| 200 |      8.1265ms |             ::1 | GET | /company/get/treelist?UserId=1 |"
time="2022-05-27 22:52:52" level=info msg="| 500 |     11.4266ms |             ::1 | POST | /company/create |"
time="2022-05-27 22:53:42" level=info msg="| 500 |     14.3969ms |             ::1 | POST | /company/create |"
time="2022-05-27 22:56:05" level=info msg="| 200 |      10.717ms |             ::1 | POST | /company/create |"
time="2022-05-27 23:23:31" level=info msg="| 200 |      4.1203ms |             ::1 | POST | /company/create |"
time="2022-05-27 23:24:49" level=info msg="| 200 |     15.1922ms |             ::1 | POST | /biology/create |"
time="2022-05-27 23:25:15" level=info msg="| 200 |      5.7089ms |             ::1 | POST | /biology/create |"
time="2022-05-27 23:25:18" level=info msg="| 200 |      6.1788ms |             ::1 | POST | /biology/create |"
time="2022-05-27 23:25:33" level=info msg="| 200 |      2.9967ms |             ::1 | GET | /biology/get_list?CompanyId=4 |"
time="2022-05-27 23:26:49" level=info msg="| 200 |      3.6265ms |             ::1 | GET | /biology/get_list?CompanyId=4 |"
time="2022-05-27 23:27:01" level=info msg="| 200 |      9.3018ms |             ::1 | POST | /biology/create |"
time="2022-05-27 23:27:08" level=info msg="| 200 |     10.5921ms |             ::1 | POST | /biology/create |"
time="2022-05-27 23:27:11" level=info msg="| 200 |     11.0375ms |             ::1 | POST | /biology/create |"
time="2022-05-27 23:27:14" level=info msg="| 200 |      5.6415ms |             ::1 | POST | /biology/create |"
time="2022-05-27 23:27:16" level=info msg="| 200 |      11.606ms |             ::1 | POST | /biology/create |"
time="2022-05-27 23:27:18" level=info msg="| 200 |     10.3296ms |             ::1 | POST | /biology/create |"
time="2022-05-27 23:27:27" level=info msg="| 200 |        2.93ms |             ::1 | GET | /biology/get_list?CompanyId=5 |"
time="2022-05-27 23:27:54" level=info msg="| 200 |     10.4932ms |             ::1 | DELETE | /biology/delete?Id=8 |"
time="2022-05-27 23:27:57" level=info msg="| 200 |      2.1939ms |             ::1 | GET | /biology/get_list?CompanyId=5 |"
time="2022-05-27 23:40:12" level=info msg="| 200 |      6.0728ms |             ::1 | POST | /biology/create |"
time="2022-05-27 23:41:31" level=info msg="| 200 |      4.7169ms |             ::1 | POST | /biology/create |"
time="2022-05-27 23:41:57" level=info msg="| 200 |      12.145ms |             ::1 | POST | /biology/create |"
time="2022-05-27 23:42:05" level=info msg="| 200 |      2.6439ms |             ::1 | GET | /biology/get_list?CompanyId=5 |"
