time="2022-06-03 16:35:31" level=info msg="| 200 |     91.0149ms |             ::1 | POST | /user/login |"
time="2022-06-03 16:36:39" level=info msg="| 200 |     19.0023ms |             ::1 | POST | /company/create |"
time="2022-06-03 16:36:47" level=info msg="| 200 |     15.4999ms |             ::1 | POST | /company/create |"
time="2022-06-03 16:37:01" level=info msg="| 200 |      5.9991ms |             ::1 | POST | /company/create |"
time="2022-06-03 16:37:06" level=info msg="| 200 |       6.004ms |             ::1 | POST | /company/create |"
time="2022-06-03 16:37:16" level=info msg="| 200 |      4.4996ms |             ::1 | POST | /company/create |"
time="2022-06-03 16:37:20" level=info msg="| 200 |     14.0007ms |             ::1 | POST | /company/create |"
time="2022-06-03 16:38:48" level=info msg="| 200 |     11.0005ms |             ::1 | POST | /company/create |"
time="2022-06-03 16:38:52" level=info msg="| 200 |     13.0011ms |             ::1 | POST | /company/create |"
time="2022-06-03 16:39:01" level=info msg="| 200 |      9.5014ms |             ::1 | POST | /company/create |"
time="2022-06-03 16:39:04" level=info msg="| 200 |     15.0024ms |             ::1 | POST | /company/create |"
time="2022-06-03 16:39:12" level=info msg="| 200 |     13.0022ms |             ::1 | POST | /company/create |"
time="2022-06-03 16:39:15" level=info msg="| 200 |      8.5014ms |             ::1 | POST | /company/create |"
time="2022-06-03 16:39:34" level=info msg="| 200 |      10.998ms |             ::1 | POST | /company/create |"
time="2022-06-03 16:39:47" level=info msg="| 200 |      7.4993ms |             ::1 | POST | /company/create |"
time="2022-06-03 16:41:15" level=info msg="| 200 |     14.0008ms |             ::1 | GET | /company/get/treelist?UserId=1 |"
time="2022-06-03 16:41:43" level=info msg="| 400 |      4.5013ms |             ::1 | DELETE | /company/delete/immediately?CompanyId=2 |"
time="2022-06-03 16:42:00" level=info msg="| 400 |      5.5006ms |             ::1 | DELETE | /company/delete/immediately?CompanyId=3 |"
time="2022-06-03 16:42:10" level=info msg="| 200 |     20.0014ms |             ::1 | DELETE | /company/delete/immediately?CompanyId=8 |"
time="2022-06-03 16:42:32" level=info msg="| 401 |      2.5014ms |             ::1 | DELETE | /company/delete/immediately?CompanyId=7 |"
time="2022-06-03 16:42:36" level=info msg="| 401 |      4.4972ms |             ::1 | DELETE | /company/delete/immediately?CompanyId=7 |"
time="2022-06-03 16:43:10" level=info msg="| 401 |      2.4966ms |             ::1 | DELETE | /company/delete/immediately?CompanyId=7 |"
time="2022-06-03 16:45:22" level=info msg="| 401 |      3.0022ms |             ::1 | DELETE | /company/delete/immediately?CompanyId=6 |"
time="2022-06-03 16:45:33" level=info msg="| 200 |      2.5006ms |             ::1 | GET | /user/info?Id=1 |"
time="2022-06-03 16:45:37" level=info msg="| 200 |     89.5126ms |             ::1 | POST | /user/login |"
time="2022-06-03 16:45:59" level=info msg="| 401 |      2.0022ms |             ::1 | DELETE | /company/delete/immediately?CompanyId=6 |"
time="2022-06-03 16:47:31" level=info msg="| 401 |      6.5015ms |             ::1 | DELETE | /company/delete/immediately?CompanyId=6 |"
time="2022-06-03 16:50:25" level=info msg="| 200 |     12.4999ms |             ::1 | POST | /company/create |"
time="2022-06-03 16:50:29" level=info msg="| 200 |     14.5014ms |             ::1 | POST | /company/create |"
time="2022-06-03 16:50:34" level=info msg="| 200 |       9.502ms |             ::1 | POST | /company/create |"
time="2022-06-03 16:50:38" level=info msg="| 200 |     14.5011ms |             ::1 | POST | /company/create |"
time="2022-06-03 16:50:46" level=info msg="| 200 |     13.5055ms |             ::1 | POST | /company/create |"
time="2022-06-03 16:50:50" level=info msg="| 200 |       6.502ms |             ::1 | POST | /company/create |"
time="2022-06-03 16:50:59" level=info msg="| 200 |      6.5005ms |             ::1 | POST | /company/create |"
time="2022-06-03 16:51:04" level=info msg="| 200 |     10.4975ms |             ::1 | GET | /company/get/treelist?UserId=1 |"
time="2022-06-03 16:52:04" level=info msg="| 400 |      5.4982ms |             ::1 | DELETE | /company/delete/immediately?CompanyId=3 |"
time="2022-06-03 16:52:12" level=info msg="| 200 |     19.0006ms |             ::1 | DELETE | /company/delete/immediately?CompanyId=6 |"
time="2022-06-03 16:52:33" level=info msg="| 401 |      4.0003ms |             ::1 | DELETE | /company/delete/immediately?CompanyId=7 |"
time="2022-06-03 16:53:47" level=info msg="| 401 |      5.9972ms |             ::1 | DELETE | /company/delete/immediately?CompanyId=7 |"
time="2022-06-03 16:56:53" level=info msg="| 200 |     20.5018ms |             ::1 | POST | /company/create |"
time="2022-06-03 16:57:01" level=info msg="| 200 |     16.5028ms |             ::1 | POST | /company/create |"
time="2022-06-03 16:57:04" level=info msg="| 200 |     14.0025ms |             ::1 | POST | /company/create |"
time="2022-06-03 16:57:33" level=info msg="| 200 |      7.5028ms |             ::1 | POST | /company/create |"
time="2022-06-03 16:57:38" level=info msg="| 200 |     13.0052ms |             ::1 | POST | /company/create |"
time="2022-06-03 16:57:44" level=info msg="| 200 |      19.004ms |             ::1 | POST | /company/create |"
time="2022-06-03 16:57:48" level=info msg="| 200 |     14.0021ms |             ::1 | POST | /company/create |"
time="2022-06-03 16:57:58" level=info msg="| 200 |     12.5037ms |             ::1 | POST | /company/create |"
time="2022-06-03 16:58:02" level=info msg="| 200 |     13.5002ms |             ::1 | GET | /company/get/treelist?UserId=1 |"
time="2022-06-03 16:58:58" level=info msg="| 400 |      9.4998ms |             ::1 | DELETE | /company/delete/immediately?CompanyId=7 |"
time="2022-06-03 16:59:03" level=info msg="| 200 |      15.001ms |             ::1 | DELETE | /company/delete/immediately?CompanyId=6 |"
time="2022-06-03 16:59:18" level=info msg="| 401 |      4.4978ms |             ::1 | DELETE | /company/delete/immediately?CompanyId=5 |"
time="2022-06-03 16:59:20" level=info msg="| 401 |       4.207ms |             ::1 | DELETE | /company/delete/immediately?CompanyId=5 |"
time="2022-06-03 17:27:28" level=info msg="| 200 |     19.5051ms |             ::1 | POST | /company/create |"
time="2022-06-03 17:27:33" level=info msg="| 200 |     16.5029ms |             ::1 | POST | /company/create |"
time="2022-06-03 17:27:39" level=info msg="| 200 |     20.5035ms |             ::1 | POST | /company/create |"
time="2022-06-03 17:27:42" level=info msg="| 200 |      7.0035ms |             ::1 | POST | /company/create |"
time="2022-06-03 17:27:50" level=info msg="| 200 |     13.5021ms |             ::1 | POST | /company/create |"
time="2022-06-03 17:27:59" level=info msg="| 200 |     12.5042ms |             ::1 | POST | /company/create |"
time="2022-06-03 17:28:04" level=info msg="| 200 |     13.5036ms |             ::1 | GET | /company/get/treelist?UserId=1 |"
time="2022-06-03 17:28:47" level=info msg="| 200 |     19.5052ms |             ::1 | DELETE | /company/delete?CompanyId=5 |"
time="2022-06-03 17:29:05" level=info msg="| 200 |     22.0003ms |             ::1 | DELETE | /company/delete?CompanyId=6 |"
time="2022-06-03 17:29:15" level=info msg="| 200 |      15.003ms |             ::1 | DELETE | /company/delete?CompanyId=2 |"
time="2022-06-03 17:32:18" level=info msg="| 200 |     19.5043ms |             ::1 | POST | /company/create |"
time="2022-06-03 17:32:21" level=info msg="| 200 |     17.5026ms |             ::1 | POST | /company/create |"
time="2022-06-03 17:32:30" level=info msg="| 200 |     15.0012ms |             ::1 | POST | /company/create |"
time="2022-06-03 17:32:33" level=info msg="| 200 |      13.501ms |             ::1 | POST | /company/create |"
time="2022-06-03 17:32:39" level=info msg="| 200 |     13.0021ms |             ::1 | POST | /company/create |"
time="2022-06-03 17:32:43" level=info msg="| 200 |     12.5018ms |             ::1 | GET | /company/get/treelist?UserId=1 |"
time="2022-06-03 17:32:50" level=info msg="| 200 |     21.0046ms |             ::1 | DELETE | /company/delete?CompanyId=2 |"
