time="2022-07-15 11:47:19" level=info msg="| 200 |       998.9µs |             ::1 | GET | /swagger/index.html |"
time="2022-07-15 11:47:19" level=info msg="| 200 |            0s |             ::1 | GET | /swagger/swagger-ui.css |"
time="2022-07-15 11:47:19" level=info msg="| 200 |      1.0001ms |             ::1 | GET | /swagger/swagger-ui-standalone-preset.js |"
time="2022-07-15 11:47:19" level=info msg="| 200 |     10.8908ms |             ::1 | GET | /swagger/swagger-ui-bundle.js |"
time="2022-07-15 11:47:20" level=info msg="| 200 |       885.9µs |             ::1 | GET | /swagger/doc.json |"
time="2022-07-15 12:07:07" level=info msg="| 200 |       534.2µs |             ::1 | GET | /swagger/index.html |"
time="2022-07-15 12:07:07" level=info msg="| 200 |      1.0004ms |             ::1 | GET | /swagger/swagger-ui.css |"
time="2022-07-15 12:07:07" level=info msg="| 200 |      1.0246ms |             ::1 | GET | /swagger/swagger-ui-standalone-preset.js |"
time="2022-07-15 12:07:07" level=info msg="| 200 |      7.1204ms |             ::1 | GET | /swagger/swagger-ui-bundle.js |"
time="2022-07-15 12:07:08" level=info msg="| 200 |      1.4754ms |             ::1 | GET | /swagger/doc.json |"
time="2022-07-15 12:07:08" level=info msg="| 200 |       723.6µs |             ::1 | GET | /swagger/favicon-32x32.png |"
time="2022-07-15 12:07:20" level=info msg="| 200 |     86.6442ms |             ::1 | POST | /user/login |"
time="2022-07-15 12:07:55" level=info msg="| 200 |     12.5227ms |             ::1 | PUT | /biology/update_picture |"
time="2022-07-15 12:12:14" level=info msg="| 200 |     12.4464ms |             ::1 | PUT | /biology/update_picture |"
time="2022-07-15 12:33:08" level=info msg="| 200 |       561.6µs |             ::1 | GET | /swagger/index.html |"
time="2022-07-15 12:33:08" level=info msg="| 200 |       509.8µs |             ::1 | GET | /swagger/swagger-ui.css |"
time="2022-07-15 12:33:08" level=info msg="| 200 |      1.0495ms |             ::1 | GET | /swagger/swagger-ui-standalone-preset.js |"
time="2022-07-15 12:33:08" level=info msg="| 200 |      2.1087ms |             ::1 | GET | /swagger/swagger-ui-bundle.js |"
time="2022-07-15 12:33:08" level=info msg="| 200 |      1.0638ms |             ::1 | GET | /swagger/doc.json |"
time="2022-07-15 12:33:08" level=info msg="| 200 |       381.5µs |             ::1 | GET | /swagger/favicon-32x32.png |"
time="2022-07-15 12:33:30" level=info msg="| 200 |     84.7061ms |             ::1 | POST | /user/login |"
time="2022-07-15 12:34:21" level=info msg="| 400 |      4.7528ms |             ::1 | PUT | /biology/update_picture |"
time="2022-07-15 12:35:21" level=info msg="| 200 |      9.1288ms |             ::1 | PUT | /biology/update_picture |"
time="2022-07-15 12:40:00" level=info msg="| 200 |      15.885ms |             ::1 | PUT | /biology/update_picture |"
time="2022-07-15 12:43:15" level=info msg="| 200 |      6.4987ms |             ::1 | GET | /biology/get_picture?BiologyId=1 |"
