time="2022-07-13 20:25:06" level=info msg="| 200 |            0s |             ::1 | GET | /swagger/index.html |"
time="2022-07-13 20:25:06" level=info msg="| 200 |       787.2µs |             ::1 | GET | /swagger/swagger-ui.css |"
time="2022-07-13 20:25:06" level=info msg="| 200 |      1.2396ms |             ::1 | GET | /swagger/swagger-ui-standalone-preset.js |"
time="2022-07-13 20:25:06" level=info msg="| 200 |     12.9196ms |             ::1 | GET | /swagger/swagger-ui-bundle.js |"
time="2022-07-13 20:25:06" level=info msg="| 200 |      1.1027ms |             ::1 | GET | /swagger/doc.json |"
time="2022-07-13 20:25:06" level=info msg="| 200 |            0s |             ::1 | GET | /swagger/favicon-32x32.png |"
time="2022-07-13 20:25:17" level=info msg="| 200 |     58.5406ms |             ::1 | POST | /user/login |"
time="2022-07-13 20:27:36" level=info msg="| 200 |      1.7165ms |             ::1 | GET | /swagger/index.html |"
time="2022-07-13 20:27:36" level=info msg="| 200 |         977µs |             ::1 | GET | /swagger/swagger-ui.css |"
time="2022-07-13 20:27:36" level=info msg="| 200 |       2.936ms |             ::1 | GET | /swagger/swagger-ui-standalone-preset.js |"
time="2022-07-13 20:27:36" level=info msg="| 200 |      4.3622ms |             ::1 | GET | /swagger/swagger-ui-bundle.js |"
time="2022-07-13 20:27:36" level=info msg="| 200 |       115.7µs |             ::1 | GET | /swagger/doc.json |"
time="2022-07-13 20:27:36" level=info msg="| 200 |       823.5µs |             ::1 | GET | /swagger/favicon-32x32.png |"
time="2022-07-13 20:28:10" level=info msg="| 200 |       530.2µs |             ::1 | GET | /swagger/index.html |"
time="2022-07-13 20:28:10" level=info msg="| 200 |       998.1µs |             ::1 | GET | /swagger/swagger-ui.css |"
time="2022-07-13 20:28:10" level=info msg="| 200 |      1.9996ms |             ::1 | GET | /swagger/swagger-ui-standalone-preset.js |"
time="2022-07-13 20:28:10" level=info msg="| 200 |     10.4687ms |             ::1 | GET | /swagger/swagger-ui-bundle.js |"
time="2022-07-13 20:28:11" level=info msg="| 200 |       888.2µs |             ::1 | GET | /swagger/doc.json |"
time="2022-07-13 20:28:11" level=info msg="| 200 |            0s |             ::1 | GET | /swagger/favicon-32x32.png |"
time="2022-07-13 20:29:15" level=info msg="| 200 |     17.5013ms |             ::1 | GET | /company/get/treelist?UserId=1 |"
time="2022-07-13 20:30:40" level=info msg="| 200 |     13.6565ms |             ::1 | POST | /company/create |"
time="2022-07-13 20:30:47" level=info msg="| 200 |     13.2562ms |             ::1 | POST | /company/create |"
time="2022-07-13 20:31:31" level=info msg="| 200 |     13.4561ms |             ::1 | PUT | /biology/update_farmhouse?BiologyId=1&FarmhouseId=6 |"
