time="2022-07-10 00:46:14" level=info msg="| 200 |       498.8µs |             ::1 | GET | /swagger/index.html |"
time="2022-07-10 00:46:14" level=info msg="| 200 |      1.0009ms |             ::1 | GET | /swagger/swagger-ui.css |"
time="2022-07-10 00:46:14" level=info msg="| 200 |       994.8µs |             ::1 | GET | /swagger/swagger-ui-standalone-preset.js |"
time="2022-07-10 00:46:14" level=info msg="| 200 |      8.0029ms |             ::1 | GET | /swagger/swagger-ui-bundle.js |"
time="2022-07-10 00:46:14" level=info msg="| 200 |         500µs |             ::1 | GET | /swagger/doc.json |"
time="2022-07-10 00:58:19" level=info msg="| 200 |    134.5236ms |             ::1 | POST | /user/login |"
time="2022-07-10 00:58:49" level=info msg="| 200 |      2.0018ms |             ::1 | GET | /user/info?Id=1 |"
time="2022-07-10 01:17:21" level=info msg="| 200 |       470.8µs |             ::1 | GET | /swagger/index.html |"
time="2022-07-10 01:17:21" level=info msg="| 200 |       317.9µs |             ::1 | GET | /swagger/swagger-ui.css |"
time="2022-07-10 01:17:21" level=info msg="| 200 |       506.2µs |             ::1 | GET | /swagger/swagger-ui-standalone-preset.js |"
time="2022-07-10 01:17:21" level=info msg="| 200 |      1.8192ms |             ::1 | GET | /swagger/swagger-ui-bundle.js |"
time="2022-07-10 01:17:21" level=info msg="| 200 |       500.1µs |             ::1 | GET | /swagger/doc.json |"
time="2022-07-10 01:17:21" level=info msg="| 200 |            0s |             ::1 | GET | /swagger/favicon-32x32.png |"
time="2022-07-10 01:17:53" level=info msg="| 422 |       170.6µs |             ::1 | POST | /user/login |"
time="2022-07-10 01:19:54" level=info msg="| 200 |       499.9µs |             ::1 | GET | /swagger/index.html |"
time="2022-07-10 01:19:54" level=info msg="| 200 |      1.0131ms |             ::1 | GET | /swagger/swagger-ui.css |"
time="2022-07-10 01:19:54" level=info msg="| 200 |      1.0003ms |             ::1 | GET | /swagger/swagger-ui-standalone-preset.js |"
time="2022-07-10 01:19:54" level=info msg="| 200 |      3.0133ms |             ::1 | GET | /swagger/swagger-ui-bundle.js |"
time="2022-07-10 01:19:55" level=info msg="| 200 |       500.1µs |             ::1 | GET | /swagger/doc.json |"
time="2022-07-10 01:19:55" level=info msg="| 200 |       434.3µs |             ::1 | GET | /swagger/favicon-32x32.png |"
time="2022-07-10 01:20:15" level=info msg="| 422 |       501.3µs |             ::1 | POST | /user/login |"
time="2022-07-10 01:26:22" level=info msg="| 422 |       500.6µs |             ::1 | POST | /user/login |"
time="2022-07-10 01:31:00" level=info msg="| 200 |       500.2µs |             ::1 | GET | /swagger/index.html |"
time="2022-07-10 01:31:00" level=info msg="| 200 |       863.3µs |             ::1 | GET | /swagger/swagger-ui.css |"
time="2022-07-10 01:31:00" level=info msg="| 200 |      1.0007ms |             ::1 | GET | /swagger/swagger-ui-standalone-preset.js |"
time="2022-07-10 01:31:00" level=info msg="| 200 |      2.8647ms |             ::1 | GET | /swagger/swagger-ui-bundle.js |"
time="2022-07-10 01:31:01" level=info msg="| 200 |       501.7µs |             ::1 | GET | /swagger/doc.json |"
time="2022-07-10 01:31:01" level=info msg="| 200 |            0s |             ::1 | GET | /swagger/favicon-32x32.png |"
time="2022-07-10 01:31:16" level=info msg="| 200 |      82.013ms |             ::1 | POST | /user/login |"
time="2022-07-10 01:48:40" level=info msg="| 200 |       499.6µs |             ::1 | GET | /swagger/index.html |"
time="2022-07-10 01:48:40" level=info msg="| 200 |       503.9µs |             ::1 | GET | /swagger/swagger-ui.css |"
time="2022-07-10 01:48:40" level=info msg="| 200 |       500.3µs |             ::1 | GET | /swagger/swagger-ui-standalone-preset.js |"
time="2022-07-10 01:48:40" level=info msg="| 200 |     11.0067ms |             ::1 | GET | /swagger/swagger-ui-bundle.js |"
time="2022-07-10 01:48:40" level=info msg="| 200 |       501.1µs |             ::1 | GET | /swagger/doc.json |"
time="2022-07-10 01:48:40" level=info msg="| 200 |       288.8µs |             ::1 | GET | /swagger/favicon-32x32.png |"
time="2022-07-10 01:49:01" level=info msg="| 200 |     22.5047ms |             ::1 | DELETE | /company/delete?CompanyId=5 |"
time="2022-07-10 02:33:06" level=info msg="| 401 |            0s |             ::1 | GET | /user/info?Id=1 |"
time="2022-07-10 02:33:14" level=info msg="| 200 |     84.0155ms |             ::1 | POST | /user/login |"
time="2022-07-10 02:33:29" level=info msg="| 200 |      3.1807ms |             ::1 | GET | /user/info?Id=1 |"
time="2022-07-10 04:17:07" level=info msg="| 200 |       499.8µs |             ::1 | GET | /swagger/index.html |"
time="2022-07-10 04:17:07" level=info msg="| 200 |           1ms |             ::1 | GET | /swagger/swagger-ui.css |"
time="2022-07-10 04:17:07" level=info msg="| 200 |      1.0006ms |             ::1 | GET | /swagger/swagger-ui-standalone-preset.js |"
time="2022-07-10 04:17:07" level=info msg="| 200 |     10.0025ms |             ::1 | GET | /swagger/swagger-ui-bundle.js |"
time="2022-07-10 04:17:07" level=info msg="| 200 |       998.9µs |             ::1 | GET | /swagger/doc.json |"
time="2022-07-10 04:17:07" level=info msg="| 200 |       308.1µs |             ::1 | GET | /swagger/favicon-32x32.png |"
time="2022-07-10 12:16:26" level=info msg="| 200 |       499.7µs |             ::1 | GET | /swagger/index.html |"
time="2022-07-10 12:16:26" level=info msg="| 200 |      2.0014ms |             ::1 | GET | /swagger/swagger-ui.css |"
time="2022-07-10 12:16:26" level=info msg="| 200 |      1.0033ms |             ::1 | GET | /swagger/swagger-ui-standalone-preset.js |"
time="2022-07-10 12:16:26" level=info msg="| 200 |      13.499ms |             ::1 | GET | /swagger/swagger-ui-bundle.js |"
time="2022-07-10 12:16:27" level=info msg="| 200 |       500.1µs |             ::1 | GET | /swagger/doc.json |"
